<?xml version="1.0" encoding="UTF-8"?>
<robot generator="Robot 7.0 (Python 3.9.19 on darwin)" generated="2025-09-29T01:37:23.506040" rpa="false" schemaversion="5">
<suite id="s1" name="Simple Test" source="/Users/vanvo/Documents/robot-python/tests/suites/simple_test.robot">
<test id="s1-t1" name="Test Basic Browser Functionality" line="6">
<kw name="Open Browser" owner="SeleniumLibrary">
<msg time="2025-09-29T01:37:23.582783" level="INFO">Opening browser 'Chrome' to base url 'https://www.google.com'.</msg>
<arg>https://www.google.com</arg>
<arg>Chrome</arg>
<doc>Opens a new browser instance to the optional ``url``.</doc>
<status status="PASS" start="2025-09-29T01:37:23.582661" elapsed="3.247833"/>
</kw>
<kw name="Title Should Be" owner="SeleniumLibrary">
<msg time="2025-09-29T01:37:26.834551" level="INFO">Page title is 'Google'.</msg>
<arg>Google</arg>
<doc>Verifies that the current page title equals ``title``.</doc>
<status status="PASS" start="2025-09-29T01:37:26.830876" elapsed="0.003738"/>
</kw>
<kw name="Close Browser" owner="SeleniumLibrary">
<doc>Closes the current browser.</doc>
<status status="PASS" start="2025-09-29T01:37:26.834724" elapsed="0.117860"/>
</kw>
<doc>Simple test to verify Chrome browser works</doc>
<status status="PASS" start="2025-09-29T01:37:23.582047" elapsed="3.370703"/>
</test>
<doc>Simple test to verify basic Robot Framework functionality</doc>
<status status="PASS" start="2025-09-29T01:37:23.507142" elapsed="3.445920"/>
</suite>
<statistics>
<total>
<stat pass="1" fail="0" skip="0">All Tests</stat>
</total>
<tag>
</tag>
<suite>
<stat pass="1" fail="0" skip="0" id="s1" name="Simple Test">Simple Test</stat>
</suite>
</statistics>
<errors>
</errors>
</robot>
